Detecting C [-std=c11] compiler features failed to compile with the following output:
Change Dir: /home/saurav/catkin_ws/src/group6_rwa5/build/CMakeFiles/CMakeTmp

Run Build Command:"/usr/bin/make" "cmTC_d1629/fast"
/usr/bin/make -f CMakeFiles/cmTC_d1629.dir/build.make CMakeFiles/cmTC_d1629.dir/build
make[1]: Entering directory '/home/saurav/catkin_ws/src/group6_rwa5/build/CMakeFiles/CMakeTmp'
Building C object CMakeFiles/cmTC_d1629.dir/feature_tests.c.o
/usr/bin/c99-gcc   -std=c11 -o CMakeFiles/cmTC_d1629.dir/feature_tests.c.o   -c /home/saurav/catkin_ws/src/group6_rwa5/build/CMakeFiles/feature_tests.c
c99-gcc called with non ISO C99 option -std=c11
CMakeFiles/cmTC_d1629.dir/build.make:65: recipe for target 'CMakeFiles/cmTC_d1629.dir/feature_tests.c.o' failed
make[1]: *** [CMakeFiles/cmTC_d1629.dir/feature_tests.c.o] Error 1
make[1]: Leaving directory '/home/saurav/catkin_ws/src/group6_rwa5/build/CMakeFiles/CMakeTmp'
Makefile:126: recipe for target 'cmTC_d1629/fast' failed
make: *** [cmTC_d1629/fast] Error 2



Determining if the pthread_create exist failed with the following output:
Change Dir: /home/saurav/catkin_ws/src/group6_rwa5/build/CMakeFiles/CMakeTmp

Run Build Command:"/usr/bin/make" "cmTC_832f8/fast"
/usr/bin/make -f CMakeFiles/cmTC_832f8.dir/build.make CMakeFiles/cmTC_832f8.dir/build
make[1]: Entering directory '/home/saurav/catkin_ws/src/group6_rwa5/build/CMakeFiles/CMakeTmp'
Building C object CMakeFiles/cmTC_832f8.dir/CheckSymbolExists.c.o
/usr/bin/gcc-7    -o CMakeFiles/cmTC_832f8.dir/CheckSymbolExists.c.o   -c /home/saurav/catkin_ws/src/group6_rwa5/build/CMakeFiles/CMakeTmp/CheckSymbolExists.c
Linking C executable cmTC_832f8
/usr/bin/cmake -E cmake_link_script CMakeFiles/cmTC_832f8.dir/link.txt --verbose=1
/usr/bin/gcc-7      -rdynamic CMakeFiles/cmTC_832f8.dir/CheckSymbolExists.c.o  -o cmTC_832f8 
CMakeFiles/cmTC_832f8.dir/CheckSymbolExists.c.o: In function `main':
CheckSymbolExists.c:(.text+0x1b): undefined reference to `pthread_create'
collect2: error: ld returned 1 exit status
CMakeFiles/cmTC_832f8.dir/build.make:97: recipe for target 'cmTC_832f8' failed
make[1]: *** [cmTC_832f8] Error 1
make[1]: Leaving directory '/home/saurav/catkin_ws/src/group6_rwa5/build/CMakeFiles/CMakeTmp'
Makefile:126: recipe for target 'cmTC_832f8/fast' failed
make: *** [cmTC_832f8/fast] Error 2

File /home/saurav/catkin_ws/src/group6_rwa5/build/CMakeFiles/CMakeTmp/CheckSymbolExists.c:
/* */
#include <pthread.h>

int main(int argc, char** argv)
{
  (void)argv;
#ifndef pthread_create
  return ((int*)(&pthread_create))[argc];
#else
  (void)argc;
  return 0;
#endif
}

Determining if the function pthread_create exists in the pthreads failed with the following output:
Change Dir: /home/saurav/catkin_ws/src/group6_rwa5/build/CMakeFiles/CMakeTmp

Run Build Command:"/usr/bin/make" "cmTC_f5208/fast"
/usr/bin/make -f CMakeFiles/cmTC_f5208.dir/build.make CMakeFiles/cmTC_f5208.dir/build
make[1]: Entering directory '/home/saurav/catkin_ws/src/group6_rwa5/build/CMakeFiles/CMakeTmp'
Building C object CMakeFiles/cmTC_f5208.dir/CheckFunctionExists.c.o
/usr/bin/gcc-7   -DCHECK_FUNCTION_EXISTS=pthread_create   -o CMakeFiles/cmTC_f5208.dir/CheckFunctionExists.c.o   -c /usr/share/cmake-3.10/Modules/CheckFunctionExists.c
Linking C executable cmTC_f5208
/usr/bin/cmake -E cmake_link_script CMakeFiles/cmTC_f5208.dir/link.txt --verbose=1
/usr/bin/gcc-7  -DCHECK_FUNCTION_EXISTS=pthread_create    -rdynamic CMakeFiles/cmTC_f5208.dir/CheckFunctionExists.c.o  -o cmTC_f5208 -lpthreads 
/usr/bin/ld: cannot find -lpthreads
collect2: error: ld returned 1 exit status
CMakeFiles/cmTC_f5208.dir/build.make:97: recipe for target 'cmTC_f5208' failed
make[1]: *** [cmTC_f5208] Error 1
make[1]: Leaving directory '/home/saurav/catkin_ws/src/group6_rwa5/build/CMakeFiles/CMakeTmp'
Makefile:126: recipe for target 'cmTC_f5208/fast' failed
make: *** [cmTC_f5208/fast] Error 2


